Change Component Designator: OldDesignator=R? NewDesignator=R19
Change Component Designator: OldDesignator=R? NewDesignator=R20
Change Component Designator: OldDesignator=R? NewDesignator=R21
Change Component Designator: OldDesignator=R? NewDesignator=R22
Change Component Designator: OldDesignator=R? NewDesignator=R23
Change Component Designator: OldDesignator=R? NewDesignator=R24
Change Component Designator: OldDesignator=U? NewDesignator=U7
Change Component Designator: OldDesignator=U? NewDesignator=U8
Change Net Name : Old Net Name=NetR?_1 New Net Name=NetR20_2
Change Net Name : Old Net Name=NetR?_2 New Net Name=NetR19_2
Added Pin To Net: NetName=NetR22_2 Pin=R22-2
Added Pin To Net: NetName=NetR22_2 Pin=U8-CATH
Added Net: Name=NetR22_2
Added Pin To Net: NetName=NetR23_2 Pin=R23-2
Added Pin To Net: NetName=NetR23_2 Pin=R24-1
Added Pin To Net: NetName=NetR23_2 Pin=U8-E
Added Net: Name=NetR23_2
Added Member To Class: ClassName=RF_SCH1 Member=Component R20 Res1
Added Member To Class: ClassName=RF_SCH1 Member=Component R21 100
Added Member To Class: ClassName=RF_SCH1 Member=Component R22 Res1
Added Member To Class: ClassName=RF_SCH1 Member=Component R23 Res1
Added Member To Class: ClassName=RF_SCH1 Member=Component R24 100
Added Member To Class: ClassName=RF_SCH1 Member=Component U8 TCRT5000
