Removed Pin From Net: NetName=GND Pin=R16-1
Removed Pin From Net: NetName=GND Pin=R17-1
Removed Pin From Net: NetName=GND Pin=R19-1
Removed Pin From Net: NetName=GND Pin=R20-1
Removed Pin From Net: NetName=GND Pin=R22-1
Removed Pin From Net: NetName=GND Pin=R23-1
Removed Pin From Net: NetName=+5 Pin=U6-A
Removed Pin From Net: NetName=+5 Pin=U6-COLL
Removed Pin From Net: NetName=+5 Pin=U7-A
Removed Pin From Net: NetName=+5 Pin=U7-COLL
Removed Pin From Net: NetName=+5 Pin=U8-A
Removed Pin From Net: NetName=+5 Pin=U8-COLL
Removed Member From Class: ClassName=RF_SCH1 Member=R16
Removed Member From Class: ClassName=RF_SCH1 Member=R17
Removed Member From Class: ClassName=RF_SCH1 Member=R18
Removed Member From Class: ClassName=RF_SCH1 Member=R20
Removed Member From Class: ClassName=RF_SCH1 Member=R21
Removed Member From Class: ClassName=RF_SCH1 Member=R22
Removed Member From Class: ClassName=RF_SCH1 Member=R23
Removed Member From Class: ClassName=RF_SCH1 Member=R24
Removed Member From Class: ClassName=RF_SCH1 Member=U6
Removed Member From Class: ClassName=RF_SCH1 Member=U8
