Added Component: Designator=LM1(lm2596)
Add component. Clean all parameters for all variants
Added Component: Designator=LM2(lm2596)
Add component. Clean all parameters for all variants
Added Component: Designator=P3(HDR1X2)
Add component. Clean all parameters for all variants
Add component (AddParameter): Name = "LatestRevisionDate"; Value = "17-Jul-2002"; VariantName = "[No Variations]"
Add component (AddParameter): Name = "LatestRevisionNote"; Value = "Re-released for DXP Platform."; VariantName = "[No Variations]"
Add component (AddParameter): Name = "Publisher"; Value = "Altium Limited"; VariantName = "[No Variations]"
Added Component: Designator=P?(HDR1X3)
Add component. Clean all parameters for all variants
Add component (AddParameter): Name = "LatestRevisionDate"; Value = "17-Jul-2002"; VariantName = "[No Variations]"
Add component (AddParameter): Name = "LatestRevisionNote"; Value = "Re-released for DXP Platform."; VariantName = "[No Variations]"
Add component (AddParameter): Name = "Publisher"; Value = "Altium Limited"; VariantName = "[No Variations]"
Added Pin To Net: NetName=+5 Pin=LM1-4
Added Pin To Net: NetName=+5 Pin=P?-1
Added Pin To Net: NetName=GND Pin=P?-3
Added Pin To Net: NetName=NetLM1_1 Pin=LM1-1
Added Pin To Net: NetName=NetLM1_1 Pin=LM2-1
Added Pin To Net: NetName=NetLM1_1 Pin=P3-2
Added Net: Name=NetLM1_1
Added Pin To Net: NetName=NetLM1_2 Pin=LM1-2
Added Pin To Net: NetName=NetLM1_2 Pin=LM2-2
Added Pin To Net: NetName=NetLM1_2 Pin=P3-1
Added Net: Name=NetLM1_2
Added Pin To Net: NetName=NetLM1_3 Pin=LM1-3
Added Pin To Net: NetName=NetLM1_3 Pin=LM2-3
Added Net: Name=NetLM1_3
Added Pin To Net: NetName=V_MTR Pin=LM2-4
Added Pin To Net: NetName=V_MTR Pin=P?-2
Added Net: Name=V_MTR
Added Member To Class: ClassName=RF_SCH1 Member=Component LM1 LM2596-Adj
Added Member To Class: ClassName=RF_SCH1 Member=Component LM2 LM2596-Adj
Added Member To Class: ClassName=RF_SCH1 Member=Component P3 Header 2
Added Member To Class: ClassName=RF_SCH1 Member=Component P? Header 3
