Change Component Designator: OldDesignator=P? NewDesignator=P1
Added Component: Designator=P2(HDR1X3)
Add component. Clean all parameters for all variants
Add component (AddParameter): Name = "LatestRevisionDate"; Value = "17-Jul-2002"; VariantName = "[No Variations]"
Add component (AddParameter): Name = "LatestRevisionNote"; Value = "Re-released for DXP Platform."; VariantName = "[No Variations]"
Add component (AddParameter): Name = "Publisher"; Value = "Altium Limited"; VariantName = "[No Variations]"
Added Component: Designator=P3(HDR1X3)
Add component. Clean all parameters for all variants
Add component (AddParameter): Name = "LatestRevisionDate"; Value = "17-Jul-2002"; VariantName = "[No Variations]"
Add component (AddParameter): Name = "LatestRevisionNote"; Value = "Re-released for DXP Platform."; VariantName = "[No Variations]"
Add component (AddParameter): Name = "Publisher"; Value = "Altium Limited"; VariantName = "[No Variations]"
Added Pin To Net: NetName=+5 Pin=P3-3
Added Pin To Net: NetName=IR1 Pin=P2-1
Added Net: Name=IR1
Added Pin To Net: NetName=IR2 Pin=P2-2
Added Net: Name=IR2
Added Pin To Net: NetName=IR3 Pin=P2-3
Added Net: Name=IR3
Added Pin To Net: NetName=IR4 Pin=P3-1
Added Net: Name=IR4
Added Pin To Net: NetName=IR5 Pin=P3-2
Added Net: Name=IR5
Added Member To Class: ClassName=RF_SCH2 Member=Component P2 Header 3
Added Member To Class: ClassName=RF_SCH2 Member=Component P3 Header 3
