Change Component Designator: OldDesignator=D.? NewDesignator=D3
Change Component Designator: OldDesignator=D? NewDesignator=D1
Change Component Designator: OldDesignator=D? NewDesignator=D2
Change Component Designator: OldDesignator=D? NewDesignator=D4
Change Component Designator: OldDesignator=D? NewDesignator=D5
Change Component Designator: OldDesignator=D? NewDesignator=D6
Change Component Designator: OldDesignator=D? NewDesignator=D7
Change Component Designator: OldDesignator=D? NewDesignator=D8
Change Component Designator: OldDesignator=U? NewDesignator=U1
Added Component: Designator=P?(HDR1X3)
Add component. Clean all parameters for all variants
Add component (AddParameter): Name = "LatestRevisionDate"; Value = "17-Jul-2002"; VariantName = "[No Variations]"
Add component (AddParameter): Name = "LatestRevisionNote"; Value = "Re-released for DXP Platform."; VariantName = "[No Variations]"
Add component (AddParameter): Name = "Publisher"; Value = "Altium Limited"; VariantName = "[No Variations]"
Added Pin To Net: NetName=+5 Pin=P?-1
Added Pin To Net: NetName=M_PWR Pin=P?-2
Added Pin To Net: NetName=GND Pin=P?-3
Added Member To Class: ClassName=RF_SCH2 Member=Component D2 1N4007
Added Member To Class: ClassName=RF_SCH2 Member=Component D4 1N4007
Added Member To Class: ClassName=RF_SCH2 Member=Component D5 1N4007
Added Member To Class: ClassName=RF_SCH2 Member=Component D6 1N4007
Added Member To Class: ClassName=RF_SCH2 Member=Component D7 1N4007
Added Member To Class: ClassName=RF_SCH2 Member=Component D8 1N4007
Added Member To Class: ClassName=RF_SCH2 Member=Component P? Header 3
