Added Component: Designator=P5(HDR1X6)
Add component. Clean all parameters for all variants
Add component (AddParameter): Name = "LatestRevisionDate"; Value = "17-Jul-2002"; VariantName = "[No Variations]"
Add component (AddParameter): Name = "LatestRevisionNote"; Value = "Re-released for DXP Platform."; VariantName = "[No Variations]"
Add component (AddParameter): Name = "Publisher"; Value = "Altium Limited"; VariantName = "[No Variations]"
Added Component: Designator=P6(HDR1X6)
Add component. Clean all parameters for all variants
Add component (AddParameter): Name = "LatestRevisionDate"; Value = "17-Jul-2002"; VariantName = "[No Variations]"
Add component (AddParameter): Name = "LatestRevisionNote"; Value = "Re-released for DXP Platform."; VariantName = "[No Variations]"
Add component (AddParameter): Name = "Publisher"; Value = "Altium Limited"; VariantName = "[No Variations]"
Added Pin To Net: NetName=M_A_OUT1 Pin=P5-1
Added Pin To Net: NetName=+5 Pin=P5-2
Added Pin To Net: NetName=GND Pin=P5-5
Added Pin To Net: NetName=M_A_OUT2 Pin=P5-6
Added Pin To Net: NetName=+5 Pin=P6-2
Added Pin To Net: NetName=GND Pin=P6-5
Added Pin To Net: NetName=ENCODER_A1 Pin=IC1-1
Added Pin To Net: NetName=ENCODER_A1 Pin=P5-3
Added Net: Name=ENCODER_A1
Added Pin To Net: NetName=ENCODER_A2 Pin=IC1-2
Added Pin To Net: NetName=ENCODER_A2 Pin=P5-4
Added Net: Name=ENCODER_A2
Added Pin To Net: NetName=ENCODER_B1 Pin=IC1-7
Added Pin To Net: NetName=ENCODER_B1 Pin=P6-3
Added Net: Name=ENCODER_B1
Added Pin To Net: NetName=ENCODER_B2 Pin=IC1-8
Added Pin To Net: NetName=ENCODER_B2 Pin=P6-4
Added Net: Name=ENCODER_B2
Added Pin To Net: NetName=NetLabel127 Pin=P6-1
Added Net: Name=NetLabel127
Added Pin To Net: NetName=NetLabel132 Pin=P6-6
Added Net: Name=NetLabel132
Added Member To Class: ClassName=RF_SCH2 Member=Component P5 MOTOR1
Added Member To Class: ClassName=RF_SCH2 Member=Component P6 MOTOR2
Added Room: Name=RF_SCH2
